{"C:\\Users\\julam\\Desktop\\LetsMeet\\src\\api.js": {"path":"C:\\Users\\julam\\Desktop\\LetsMeet\\src\\api.js","statementMap":{"0":{"start":{"line":5,"column":32},"end":{"line":13,"column":1}},"1":{"start":{"line":7,"column":31},"end":{"line":7,"column":68}},"2":{"start":{"line":7,"column":53},"end":{"line":7,"column":67}},"3":{"start":{"line":10,"column":22},"end":{"line":10,"column":54}},"4":{"start":{"line":12,"column":4},"end":{"line":12,"column":21}},"5":{"start":{"line":16,"column":19},"end":{"line":22,"column":1}},"6":{"start":{"line":17,"column":21},"end":{"line":19,"column":5}},"7":{"start":{"line":20,"column":19},"end":{"line":20,"column":40}},"8":{"start":{"line":21,"column":4},"end":{"line":21,"column":18}},"9":{"start":{"line":25,"column":17},"end":{"line":37,"column":1}},"10":{"start":{"line":27,"column":23},"end":{"line":27,"column":47}},"11":{"start":{"line":28,"column":21},"end":{"line":30,"column":5}},"12":{"start":{"line":31,"column":29},"end":{"line":31,"column":50}},"13":{"start":{"line":34,"column":4},"end":{"line":34,"column":71}},"14":{"start":{"line":36,"column":4},"end":{"line":36,"column":24}},"15":{"start":{"line":40,"column":30},"end":{"line":73,"column":1}},"16":{"start":{"line":42,"column":24},"end":{"line":42,"column":60}},"17":{"start":{"line":45,"column":23},"end":{"line":45,"column":69}},"18":{"start":{"line":48,"column":4},"end":{"line":69,"column":5}},"19":{"start":{"line":49,"column":8},"end":{"line":49,"column":54}},"20":{"start":{"line":52,"column":29},"end":{"line":52,"column":72}},"21":{"start":{"line":53,"column":21},"end":{"line":53,"column":51}},"22":{"start":{"line":56,"column":8},"end":{"line":65,"column":9}},"23":{"start":{"line":57,"column":29},"end":{"line":59,"column":13}},"24":{"start":{"line":60,"column":27},"end":{"line":60,"column":48}},"25":{"start":{"line":61,"column":32},"end":{"line":61,"column":38}},"26":{"start":{"line":64,"column":12},"end":{"line":64,"column":52}},"27":{"start":{"line":68,"column":8},"end":{"line":68,"column":38}},"28":{"start":{"line":72,"column":4},"end":{"line":72,"column":23}},"29":{"start":{"line":79,"column":25},"end":{"line":107,"column":1}},"30":{"start":{"line":81,"column":4},"end":{"line":83,"column":5}},"31":{"start":{"line":82,"column":8},"end":{"line":82,"column":24}},"32":{"start":{"line":86,"column":18},"end":{"line":86,"column":40}},"33":{"start":{"line":89,"column":4},"end":{"line":104,"column":5}},"34":{"start":{"line":90,"column":20},"end":{"line":90,"column":112}},"35":{"start":{"line":91,"column":25},"end":{"line":91,"column":41}},"36":{"start":{"line":92,"column":23},"end":{"line":92,"column":44}},"37":{"start":{"line":94,"column":8},"end":{"line":99,"column":9}},"38":{"start":{"line":95,"column":12},"end":{"line":95,"column":78}},"39":{"start":{"line":96,"column":12},"end":{"line":96,"column":33}},"40":{"start":{"line":98,"column":12},"end":{"line":98,"column":24}},"41":{"start":{"line":100,"column":11},"end":{"line":104,"column":5}},"42":{"start":{"line":102,"column":23},"end":{"line":102,"column":57}},"43":{"start":{"line":103,"column":8},"end":{"line":103,"column":48}},"44":{"start":{"line":106,"column":4},"end":{"line":106,"column":16}}},"fnMap":{"0":{"name":"(anonymous_0)","decl":{"start":{"line":5,"column":32},"end":{"line":5,"column":33}},"loc":{"start":{"line":5,"column":44},"end":{"line":13,"column":1}},"line":5},"1":{"name":"(anonymous_1)","decl":{"start":{"line":7,"column":42},"end":{"line":7,"column":43}},"loc":{"start":{"line":7,"column":53},"end":{"line":7,"column":67}},"line":7},"2":{"name":"(anonymous_2)","decl":{"start":{"line":16,"column":19},"end":{"line":16,"column":20}},"loc":{"start":{"line":16,"column":42},"end":{"line":22,"column":1}},"line":16},"3":{"name":"(anonymous_3)","decl":{"start":{"line":25,"column":17},"end":{"line":25,"column":18}},"loc":{"start":{"line":25,"column":33},"end":{"line":37,"column":1}},"line":25},"4":{"name":"(anonymous_4)","decl":{"start":{"line":40,"column":30},"end":{"line":40,"column":31}},"loc":{"start":{"line":40,"column":42},"end":{"line":73,"column":1}},"line":40},"5":{"name":"(anonymous_5)","decl":{"start":{"line":79,"column":25},"end":{"line":79,"column":26}},"loc":{"start":{"line":79,"column":37},"end":{"line":107,"column":1}},"line":79}},"branchMap":{"0":{"loc":{"start":{"line":34,"column":4},"end":{"line":34,"column":70}},"type":"binary-expr","locations":[{"start":{"line":34,"column":4},"end":{"line":34,"column":16}},{"start":{"line":34,"column":20},"end":{"line":34,"column":70}}],"line":34},"1":{"loc":{"start":{"line":45,"column":23},"end":{"line":45,"column":69}},"type":"binary-expr","locations":[{"start":{"line":45,"column":23},"end":{"line":45,"column":34}},{"start":{"line":45,"column":39},"end":{"line":45,"column":68}}],"line":45},"2":{"loc":{"start":{"line":48,"column":4},"end":{"line":69,"column":5}},"type":"if","locations":[{"start":{"line":48,"column":4},"end":{"line":69,"column":5}},{"start":{},"end":{}}],"line":48},"3":{"loc":{"start":{"line":48,"column":8},"end":{"line":48,"column":40}},"type":"binary-expr","locations":[{"start":{"line":48,"column":8},"end":{"line":48,"column":20}},{"start":{"line":48,"column":24},"end":{"line":48,"column":40}}],"line":48},"4":{"loc":{"start":{"line":56,"column":8},"end":{"line":65,"column":9}},"type":"if","locations":[{"start":{"line":56,"column":8},"end":{"line":65,"column":9}},{"start":{},"end":{}}],"line":56},"5":{"loc":{"start":{"line":68,"column":15},"end":{"line":68,"column":37}},"type":"binary-expr","locations":[{"start":{"line":68,"column":15},"end":{"line":68,"column":19}},{"start":{"line":68,"column":23},"end":{"line":68,"column":37}}],"line":68},"6":{"loc":{"start":{"line":81,"column":4},"end":{"line":83,"column":5}},"type":"if","locations":[{"start":{"line":81,"column":4},"end":{"line":83,"column":5}},{"start":{},"end":{}}],"line":81},"7":{"loc":{"start":{"line":89,"column":4},"end":{"line":104,"column":5}},"type":"if","locations":[{"start":{"line":89,"column":4},"end":{"line":104,"column":5}},{"start":{"line":100,"column":11},"end":{"line":104,"column":5}}],"line":89},"8":{"loc":{"start":{"line":94,"column":8},"end":{"line":99,"column":9}},"type":"if","locations":[{"start":{"line":94,"column":8},"end":{"line":99,"column":9}},{"start":{"line":97,"column":15},"end":{"line":99,"column":9}}],"line":94},"9":{"loc":{"start":{"line":100,"column":11},"end":{"line":104,"column":5}},"type":"if","locations":[{"start":{"line":100,"column":11},"end":{"line":104,"column":5}},{"start":{},"end":{}}],"line":100},"10":{"loc":{"start":{"line":103,"column":15},"end":{"line":103,"column":47}},"type":"cond-expr","locations":[{"start":{"line":103,"column":24},"end":{"line":103,"column":42}},{"start":{"line":103,"column":45},"end":{"line":103,"column":47}}],"line":103}},"s":{"0":6,"1":18,"2":630,"3":18,"4":18,"5":6,"6":0,"7":0,"8":0,"9":6,"10":0,"11":0,"12":0,"13":0,"14":0,"15":6,"16":0,"17":0,"18":0,"19":0,"20":0,"21":0,"22":0,"23":0,"24":0,"25":0,"26":0,"27":0,"28":0,"29":6,"30":21,"31":21,"32":0,"33":0,"34":0,"35":0,"36":0,"37":0,"38":0,"39":0,"40":0,"41":0,"42":0,"43":0,"44":0},"f":{"0":18,"1":630,"2":0,"3":0,"4":0,"5":21},"b":{"0":[0,0],"1":[0,0],"2":[0,0],"3":[0,0],"4":[0,0],"5":[0,0],"6":[21,0],"7":[0,0],"8":[0,0],"9":[0,0],"10":[0,0]},"_coverageSchema":"1a1c01bbd47fc00a2c39e90264f33305004495a9","hash":"d6880b645655c8dfd1ff6ecea83f74f857aef001"}
,"C:\\Users\\julam\\Desktop\\LetsMeet\\src\\components\\NumberOfEvents.js": {"path":"C:\\Users\\julam\\Desktop\\LetsMeet\\src\\components\\NumberOfEvents.js","statementMap":{"0":{"start":{"line":4,"column":23},"end":{"line":38,"column":1}},"1":{"start":{"line":6,"column":29},"end":{"line":18,"column":3}},"2":{"start":{"line":7,"column":18},"end":{"line":7,"column":50}},"3":{"start":{"line":10,"column":4},"end":{"line":17,"column":5}},"4":{"start":{"line":11,"column":24},"end":{"line":11,"column":58}},"5":{"start":{"line":12,"column":6},"end":{"line":12,"column":31}},"6":{"start":{"line":15,"column":6},"end":{"line":15,"column":24}},"7":{"start":{"line":16,"column":6},"end":{"line":16,"column":27}},"8":{"start":{"line":21,"column":2},"end":{"line":37,"column":4}}},"fnMap":{"0":{"name":"(anonymous_0)","decl":{"start":{"line":4,"column":23},"end":{"line":4,"column":24}},"loc":{"start":{"line":4,"column":61},"end":{"line":38,"column":1}},"line":4},"1":{"name":"(anonymous_1)","decl":{"start":{"line":6,"column":29},"end":{"line":6,"column":30}},"loc":{"start":{"line":6,"column":40},"end":{"line":18,"column":3}},"line":6}},"branchMap":{"0":{"loc":{"start":{"line":10,"column":4},"end":{"line":17,"column":5}},"type":"if","locations":[{"start":{"line":10,"column":4},"end":{"line":17,"column":5}},{"start":{"line":13,"column":11},"end":{"line":17,"column":5}}],"line":10},"1":{"loc":{"start":{"line":10,"column":8},"end":{"line":10,"column":47}},"type":"binary-expr","locations":[{"start":{"line":10,"column":8},"end":{"line":10,"column":20}},{"start":{"line":10,"column":24},"end":{"line":10,"column":33}},{"start":{"line":10,"column":37},"end":{"line":10,"column":47}}],"line":10}},"s":{"0":7,"1":31,"2":4,"3":4,"4":1,"5":1,"6":3,"7":3,"8":31},"f":{"0":31,"1":4},"b":{"0":[1,3],"1":[4,3,3]},"_coverageSchema":"1a1c01bbd47fc00a2c39e90264f33305004495a9","hash":"899f83e9648c75c03b5097001faa164ffc940838"}
}
