TN:
SF:src\api.js
FN:5,(anonymous_0)
FN:7,(anonymous_1)
FN:16,(anonymous_2)
FN:25,(anonymous_3)
FN:40,(anonymous_4)
FN:79,(anonymous_5)
FNF:6
FNH:3
FNDA:18,(anonymous_0)
FNDA:630,(anonymous_1)
FNDA:0,(anonymous_2)
FNDA:0,(anonymous_3)
FNDA:0,(anonymous_4)
FNDA:21,(anonymous_5)
DA:5,6
DA:7,630
DA:10,18
DA:12,18
DA:16,6
DA:17,0
DA:20,0
DA:21,0
DA:25,6
DA:27,0
DA:28,0
DA:31,0
DA:34,0
DA:36,0
DA:40,6
DA:42,0
DA:45,0
DA:48,0
DA:49,0
DA:52,0
DA:53,0
DA:56,0
DA:57,0
DA:60,0
DA:61,0
DA:64,0
DA:68,0
DA:72,0
DA:79,6
DA:81,21
DA:82,21
DA:86,0
DA:89,0
DA:90,0
DA:91,0
DA:92,0
DA:94,0
DA:95,0
DA:96,0
DA:98,0
DA:100,0
DA:102,0
DA:103,0
DA:106,0
LF:44
LH:10
BRDA:34,0,0,0
BRDA:34,0,1,0
BRDA:45,1,0,0
BRDA:45,1,1,0
BRDA:48,2,0,0
BRDA:48,2,1,0
BRDA:48,3,0,0
BRDA:48,3,1,0
BRDA:56,4,0,0
BRDA:56,4,1,0
BRDA:68,5,0,0
BRDA:68,5,1,0
BRDA:81,6,0,21
BRDA:81,6,1,0
BRDA:89,7,0,0
BRDA:89,7,1,0
BRDA:94,8,0,0
BRDA:94,8,1,0
BRDA:100,9,0,0
BRDA:100,9,1,0
BRDA:103,10,0,0
BRDA:103,10,1,0
BRF:22
BRH:1
end_of_record
TN:
SF:src\components\NumberOfEvents.js
FN:4,(anonymous_0)
FN:6,(anonymous_1)
FNF:2
FNH:2
FNDA:31,(anonymous_0)
FNDA:4,(anonymous_1)
DA:4,7
DA:6,31
DA:7,4
DA:10,4
DA:11,1
DA:12,1
DA:15,3
DA:16,3
DA:21,31
LF:9
LH:9
BRDA:10,0,0,1
BRDA:10,0,1,3
BRDA:10,1,0,4
BRDA:10,1,1,3
BRDA:10,1,2,3
BRF:5
BRH:5
end_of_record
